TN:
SF:services/SessionManager.js
FN:4,(anonymous_0)
FN:8,(anonymous_1)
FN:28,(anonymous_2)
FN:51,(anonymous_3)
FN:55,(anonymous_4)
FN:64,(anonymous_5)
FN:68,(anonymous_6)
FNF:7
FNH:7
FNDA:17,(anonymous_0)
FNDA:18,(anonymous_1)
FNDA:4,(anonymous_2)
FNDA:4,(anonymous_3)
FNDA:4,(anonymous_4)
FNDA:4,(anonymous_5)
FNDA:2,(anonymous_6)
DA:1,1
DA:5,17
DA:9,18
DA:11,18
DA:14,18
DA:16,18
DA:19,18
DA:21,17
DA:23,1
DA:24,1
DA:29,4
DA:30,4
DA:31,4
DA:32,3
DA:35,3
DA:38,3
DA:39,3
DA:41,1
DA:44,3
DA:47,0
DA:52,4
DA:56,4
DA:57,4
DA:58,3
DA:61,1
DA:65,4
DA:70,2
DA:71,3
DA:72,3
DA:74,1
DA:77,2
DA:81,1
LF:32
LH:31
BRDA:31,0,0,3
BRDA:31,0,1,1
BRDA:57,1,0,3
BRDA:57,1,1,1
BRF:4
BRH:4
end_of_record
TN:
SF:services/UserSession.js
FN:2,(anonymous_0)
FN:10,(anonymous_1)
FN:34,(anonymous_2)
FN:58,(anonymous_3)
FN:68,(anonymous_4)
FN:78,(anonymous_5)
FN:82,(anonymous_6)
FNF:7
FNH:6
FNDA:27,(anonymous_0)
FNDA:10,(anonymous_1)
FNDA:3,(anonymous_2)
FNDA:16,(anonymous_3)
FNDA:6,(anonymous_4)
FNDA:5,(anonymous_5)
FNDA:0,(anonymous_6)
DA:3,27
DA:4,27
DA:5,27
DA:6,27
DA:7,27
DA:11,10
DA:13,10
DA:22,9
DA:29,1
DA:30,1
DA:35,3
DA:36,3
DA:39,3
DA:42,2
DA:49,1
DA:50,1
DA:59,16
DA:60,16
DA:61,14
DA:64,1
DA:70,6
DA:73,6
DA:74,4
DA:79,5
DA:83,0
DA:87,2
LF:26
LH:25
BRDA:60,0,0,14
BRDA:60,0,1,2
BRDA:60,1,0,16
BRDA:60,1,1,15
BRDA:73,2,0,4
BRDA:73,2,1,2
BRDA:73,3,0,6
BRDA:73,3,1,5
BRDA:79,4,0,5
BRDA:79,4,1,4
BRF:10
BRH:10
end_of_record
TN:
SF:services/WebSocketServer.js
FN:6,(anonymous_0)
FN:20,(anonymous_1)
FN:47,(anonymous_2)
FN:48,(anonymous_3)
FN:57,(anonymous_4)
FN:72,(anonymous_5)
FN:78,(anonymous_6)
FN:96,(anonymous_7)
FN:101,(anonymous_8)
FN:105,(anonymous_9)
FN:106,(anonymous_10)
FN:113,(anonymous_11)
FN:122,(anonymous_12)
FNF:13
FNH:0
FNDA:0,(anonymous_0)
FNDA:0,(anonymous_1)
FNDA:0,(anonymous_2)
FNDA:0,(anonymous_3)
FNDA:0,(anonymous_4)
FNDA:0,(anonymous_5)
FNDA:0,(anonymous_6)
FNDA:0,(anonymous_7)
FNDA:0,(anonymous_8)
FNDA:0,(anonymous_9)
FNDA:0,(anonymous_10)
FNDA:0,(anonymous_11)
FNDA:0,(anonymous_12)
DA:1,0
DA:2,0
DA:3,0
DA:7,0
DA:10,0
DA:16,0
DA:17,0
DA:21,0
DA:23,0
DA:24,0
DA:27,0
DA:28,0
DA:29,0
DA:33,0
DA:36,0
DA:38,0
DA:39,0
DA:42,0
DA:43,0
DA:48,0
DA:49,0
DA:50,0
DA:51,0
DA:54,0
DA:57,0
DA:58,0
DA:59,0
DA:60,0
DA:62,0
DA:63,0
DA:72,0
DA:73,0
DA:74,0
DA:78,0
DA:79,0
DA:80,0
DA:84,0
DA:91,0
DA:92,0
DA:96,0
DA:97,0
DA:102,0
DA:106,0
DA:107,0
DA:108,0
DA:114,0
DA:115,0
DA:116,0
DA:117,0
DA:119,0
DA:123,0
DA:124,0
DA:128,0
LF:53
LH:0
BRDA:24,0,0,0
BRDA:24,0,1,0
BRDA:27,1,0,0
BRDA:27,1,1,0
BRDA:33,2,0,0
BRDA:33,2,1,0
BRDA:36,3,0,0
BRDA:36,3,1,0
BRDA:107,4,0,0
BRDA:107,4,1,0
BRDA:115,5,0,0
BRDA:115,5,1,0
BRDA:115,6,0,0
BRDA:115,6,1,0
BRF:14
BRH:0
end_of_record
